0 info it worked if it ends with ok
1 verbose cli [ '/usr/bin/nodejs', '/usr/local/bin/npm', 'run', 'start' ]
2 info using npm@3.10.8
3 info using node@v4.6.1
4 verbose run-script [ 'prestart', 'start', 'poststart' ]
5 info lifecycle image_srch_abstract@1.0.0~prestart: image_srch_abstract@1.0.0
6 verbose lifecycle image_srch_abstract@1.0.0~prestart: unsafe-perm in lifecycle true
7 verbose lifecycle image_srch_abstract@1.0.0~prestart: PATH: /usr/local/lib/node_modules/npm/bin/node-gyp-bin:/home/electrofish/StudyStuff/fcc/image_srch_abstract/node_modules/.bin:/usr/local/heroku/bin:/home/electrofish/.rbenv/shims:/home/electrofish/.rbenv/bin:/usr/local/sbin:/usr/local/bin:/usr/sbin:/usr/bin:/sbin:/bin:/usr/games:/usr/local/games
8 verbose lifecycle image_srch_abstract@1.0.0~prestart: CWD: /home/electrofish/StudyStuff/fcc/image_srch_abstract
9 silly lifecycle image_srch_abstract@1.0.0~prestart: Args: [ '-c', 'babel src --out-dir dist' ]
10 silly lifecycle image_srch_abstract@1.0.0~prestart: Returned: code: 0  signal: null
11 info lifecycle image_srch_abstract@1.0.0~start: image_srch_abstract@1.0.0
12 verbose lifecycle image_srch_abstract@1.0.0~start: unsafe-perm in lifecycle true
13 verbose lifecycle image_srch_abstract@1.0.0~start: PATH: /usr/local/lib/node_modules/npm/bin/node-gyp-bin:/home/electrofish/StudyStuff/fcc/image_srch_abstract/node_modules/.bin:/usr/local/heroku/bin:/home/electrofish/.rbenv/shims:/home/electrofish/.rbenv/bin:/usr/local/sbin:/usr/local/bin:/usr/sbin:/usr/bin:/sbin:/bin:/usr/games:/usr/local/games
14 verbose lifecycle image_srch_abstract@1.0.0~start: CWD: /home/electrofish/StudyStuff/fcc/image_srch_abstract
15 silly lifecycle image_srch_abstract@1.0.0~start: Args: [ '-c', 'node dist/server.js' ]
16 silly lifecycle image_srch_abstract@1.0.0~start: Returned: code: 1  signal: null
17 info lifecycle image_srch_abstract@1.0.0~start: Failed to exec start script
18 verbose stack Error: image_srch_abstract@1.0.0 start: `node dist/server.js`
18 verbose stack Exit status 1
18 verbose stack     at EventEmitter.<anonymous> (/usr/local/lib/node_modules/npm/lib/utils/lifecycle.js:255:16)
18 verbose stack     at emitTwo (events.js:87:13)
18 verbose stack     at EventEmitter.emit (events.js:172:7)
18 verbose stack     at ChildProcess.<anonymous> (/usr/local/lib/node_modules/npm/lib/utils/spawn.js:40:14)
18 verbose stack     at emitTwo (events.js:87:13)
18 verbose stack     at ChildProcess.emit (events.js:172:7)
18 verbose stack     at maybeClose (internal/child_process.js:829:16)
18 verbose stack     at Process.ChildProcess._handle.onexit (internal/child_process.js:211:5)
19 verbose pkgid image_srch_abstract@1.0.0
20 verbose cwd /home/electrofish/StudyStuff/fcc/image_srch_abstract
21 error Linux 4.4.0-45-generic
22 error argv "/usr/bin/nodejs" "/usr/local/bin/npm" "run" "start"
23 error node v4.6.1
24 error npm  v3.10.8
25 error code ELIFECYCLE
26 error image_srch_abstract@1.0.0 start: `node dist/server.js`
26 error Exit status 1
27 error Failed at the image_srch_abstract@1.0.0 start script 'node dist/server.js'.
27 error Make sure you have the latest version of node.js and npm installed.
27 error If you do, this is most likely a problem with the image_srch_abstract package,
27 error not with npm itself.
27 error Tell the author that this fails on your system:
27 error     node dist/server.js
27 error You can get information on how to open an issue for this project with:
27 error     npm bugs image_srch_abstract
27 error Or if that isn't available, you can get their info via:
27 error     npm owner ls image_srch_abstract
27 error There is likely additional logging output above.
28 verbose exit [ 1, true ]
